[INFO  Mon 01 Apr 2024 11:41:51 AM WIB] ...e/nvim/lazy/mason.nvim/lua/mason-core/installer/init.lua:184: Executing installer for Package(name=stylua) {}
[INFO  Mon 01 Apr 2024 11:41:51 AM WIB] ...e/nvim/lazy/mason.nvim/lua/mason-core/installer/init.lua:184: Executing installer for Package(name=shfmt) {}
[INFO  Mon 01 Apr 2024 11:41:56 AM WIB] ...e/nvim/lazy/mason.nvim/lua/mason-core/installer/init.lua:245: Installation succeeded for Package(name=stylua)
[INFO  Mon 01 Apr 2024 11:42:03 AM WIB] ...e/nvim/lazy/mason.nvim/lua/mason-core/installer/init.lua:245: Installation succeeded for Package(name=shfmt)
[INFO  Mon 01 Apr 2024 11:42:35 AM WIB] ...e/nvim/lazy/mason.nvim/lua/mason-core/installer/init.lua:184: Executing installer for Package(name=lua-language-server) {}
[INFO  Mon 01 Apr 2024 11:42:42 AM WIB] ...e/nvim/lazy/mason.nvim/lua/mason-core/installer/init.lua:245: Installation succeeded for Package(name=lua-language-server)
[ERROR Mon 01 Apr 2024 07:03:21 PM WIB] ...e/nvim/lazy/mason.nvim/lua/mason-core/providers/init.lua:80: Provider "github" "get_latest_release" failed: spawn: wget failed with exit code - and signal -. wget is not executable
[ERROR Mon 01 Apr 2024 07:03:21 PM WIB] ...e/nvim/lazy/mason.nvim/lua/mason-core/providers/init.lua:80: Provider "github" "get_latest_release" failed: spawn: wget failed with exit code - and signal -. wget is not executable
[ERROR Mon 01 Apr 2024 07:03:21 PM WIB] ...e/nvim/lazy/mason.nvim/lua/mason-core/providers/init.lua:91: No provider implementation succeeded for github.get_latest_release
[ERROR Mon 01 Apr 2024 07:03:21 PM WIB] ...im/lazy/mason.nvim/lua/mason-registry/sources/github.lua:146: Failed to install registry GitHubRegistrySource(repo=mason-org/mason-registry). "Failed to fetch latest registry version from GitHub API."
[INFO  Mon 01 Apr 2024 07:10:19 PM WIB] ...e/nvim/lazy/mason.nvim/lua/mason-core/installer/init.lua:184: Executing installer for Package(name=vue-language-server) {}
[INFO  Mon 01 Apr 2024 07:10:19 PM WIB] ...e/nvim/lazy/mason.nvim/lua/mason-core/installer/init.lua:184: Executing installer for Package(name=html-lsp) {}
[INFO  Mon 01 Apr 2024 07:10:19 PM WIB] ...e/nvim/lazy/mason.nvim/lua/mason-core/installer/init.lua:184: Executing installer for Package(name=css-lsp) {}
[INFO  Mon 01 Apr 2024 07:10:19 PM WIB] ...e/nvim/lazy/mason.nvim/lua/mason-core/installer/init.lua:184: Executing installer for Package(name=json-lsp) {}
[ERROR Mon 01 Apr 2024 07:10:19 PM WIB] ...e/nvim/lazy/mason.nvim/lua/mason-core/installer/init.lua:249: Installation failed for Package(name=vue-language-server) error=spawn: npm failed with exit code - and signal -. npm is not executable
[ERROR Mon 01 Apr 2024 07:10:19 PM WIB] ...e/nvim/lazy/mason.nvim/lua/mason-core/installer/init.lua:249: Installation failed for Package(name=html-lsp) error=spawn: npm failed with exit code - and signal -. npm is not executable
[ERROR Mon 01 Apr 2024 07:10:19 PM WIB] ...e/nvim/lazy/mason.nvim/lua/mason-core/installer/init.lua:249: Installation failed for Package(name=css-lsp) error=spawn: npm failed with exit code - and signal -. npm is not executable
[ERROR Mon 01 Apr 2024 07:10:19 PM WIB] ...e/nvim/lazy/mason.nvim/lua/mason-core/installer/init.lua:249: Installation failed for Package(name=json-lsp) error=spawn: npm failed with exit code - and signal -. npm is not executable
[ERROR Mon 01 Apr 2024 07:16:16 PM WIB] ...l/share/nvim/lazy/mason.nvim/lua/mason-registry/init.lua:79: Cannot find package "\"html\"".
[INFO  Mon 01 Apr 2024 07:16:16 PM WIB] ...e/nvim/lazy/mason.nvim/lua/mason-core/installer/init.lua:184: Executing installer for Package(name=vue-language-server) {}
[INFO  Mon 01 Apr 2024 07:16:37 PM WIB] ...e/nvim/lazy/mason.nvim/lua/mason-core/installer/init.lua:245: Installation succeeded for Package(name=vue-language-server)
[INFO  Mon 01 Apr 2024 07:16:49 PM WIB] ...e/nvim/lazy/mason.nvim/lua/mason-core/installer/init.lua:184: Executing installer for Package(name=html-lsp) {}
[INFO  Mon 01 Apr 2024 07:16:49 PM WIB] ...e/nvim/lazy/mason.nvim/lua/mason-core/installer/init.lua:184: Executing installer for Package(name=css-lsp) {}
[INFO  Mon 01 Apr 2024 07:16:49 PM WIB] ...e/nvim/lazy/mason.nvim/lua/mason-core/installer/init.lua:184: Executing installer for Package(name=json-lsp) {}
[INFO  Mon 01 Apr 2024 07:17:03 PM WIB] ...e/nvim/lazy/mason.nvim/lua/mason-core/installer/init.lua:245: Installation succeeded for Package(name=html-lsp)
[INFO  Mon 01 Apr 2024 07:17:04 PM WIB] ...e/nvim/lazy/mason.nvim/lua/mason-core/installer/init.lua:245: Installation succeeded for Package(name=css-lsp)
[INFO  Mon 01 Apr 2024 07:17:04 PM WIB] ...e/nvim/lazy/mason.nvim/lua/mason-core/installer/init.lua:245: Installation succeeded for Package(name=json-lsp)
[INFO  Mon 01 Apr 2024 07:18:45 PM WIB] ...e/nvim/lazy/mason.nvim/lua/mason-core/installer/init.lua:184: Executing installer for Package(name=typescript-language-server) {}
[INFO  Mon 01 Apr 2024 07:18:49 PM WIB] ...e/nvim/lazy/mason.nvim/lua/mason-core/installer/init.lua:245: Installation succeeded for Package(name=typescript-language-server)
